This is TeX, Version 3.14159 (C version 6.1) (format=latex 97.3.12)  15 FEB 1999 00:52
**images.tex
(images.tex
LaTeX2e <1996/12/01> patch level 1
Babel <v3.6h> and hyphenation patterns for english, french, german, loaded.

(/stage/share/teTeX/texmf/tex/latex/base/article.cls
Document Class: article 1996/10/31 v1.3u Standard LaTeX document class
(/stage/share/teTeX/texmf/tex/latex/base/size12.clo
File: size12.clo 1996/10/31 v1.3u Standard LaTeX file (size option)
)
\c@part=\count79
\c@section=\count80
\c@subsection=\count81
\c@subsubsection=\count82
\c@paragraph=\count83
\c@subparagraph=\count84
\c@figure=\count85
\c@table=\count86
\abovecaptionskip=\skip41
\belowcaptionskip=\skip42
\bibindent=\dimen102
) (/stage/share/teTeX/texmf/tex/latex/misc/anysize.sty
Package: anysize 1994/08/13 1.0 Contributed LaTeX2e package
Package: `anysize' 1.0 <1994/08/13>
\@Leftmargin=\dimen103
\@Rightmargin=\dimen104
\@Topmargin=\dimen105
\@Bottommargin=\dimen106
) (/stage/share/teTeX/texmf/tex/latex/graphics/epsfig.sty
Package: epsfig 1996/10/04 v1.7 (e)psfig emulation (SPQR)
(/stage/share/teTeX/texmf/tex/latex/graphics/graphicx.sty
Package: graphicx 1996/10/31 v1.0c Enhanced LaTeX Graphics (DPC,SPQR)
(/stage/share/teTeX/texmf/tex/latex/graphics/keyval.sty
Package: keyval 1998/06/05 v1.11 key=value parser (DPC)
\KV@toks@=\toks14
) (/stage/share/teTeX/texmf/tex/latex/graphics/graphics.sty
Package: graphics 1996/10/31 v1.0c Standard LaTeX Graphics (DPC,SPQR)
(/stage/share/teTeX/texmf/tex/latex/graphics/trig.sty
Package: trig 1994/10/16 v1.08 sin cos tan (DPC)
) (/stage/share/teTeX/texmf/tex/latex/config/graphics.cfg)
Package graphics Info: Driver file: dvips.def on input line 82.
(/stage/share/teTeX/texmf/tex/latex/graphics/dvips.def
File: dvips.def 1996/12/12 v3.0d Driver-dependant file (DPC,SPQR)
))
\Gin@req@height=\dimen107
\Gin@req@width=\dimen108
)
\epsfxsize=\dimen109
\epsfysize=\dimen110
) (/stage/share/teTeX/texmf/tex/latex/misc/setspace.sty) (/stage/share/teTeX/te
xmf/tex/latex/misc/url.sty
Package: url 1996/02/06  ver 1.1  Verb mode for urls, email addresses, and file
 names
)
\lthtmlwrite=\write3
\sizebox=\box26
(images.aux)
LaTeX Font Info:    Checking defaults for OML/cmm/m/it on input line 25.
LaTeX Font Info:    ... okay on input line 25.
LaTeX Font Info:    Checking defaults for T1/cmr/m/n on input line 25.
LaTeX Font Info:    ... okay on input line 25.
LaTeX Font Info:    Checking defaults for OT1/cmr/m/n on input line 25.
LaTeX Font Info:    ... okay on input line 25.
LaTeX Font Info:    Checking defaults for OMS/cmsy/m/n on input line 25.
LaTeX Font Info:    ... okay on input line 25.
LaTeX Font Info:    Checking defaults for OMX/cmex/m/n on input line 25.
LaTeX Font Info:    ... okay on input line 25.
LaTeX Font Info:    Checking defaults for U/cmr/m/n on input line 25.
LaTeX Font Info:    ... okay on input line 25.
LaTeX Font Info:    External font `cmex10' loaded for size
(Font)              <12> on input line 33.
LaTeX Font Info:    External font `cmex10' loaded for size
(Font)              <8> on input line 33.
LaTeX Font Info:    External font `cmex10' loaded for size
(Font)              <6> on input line 33.
latex2htmlSize :tex2html_wrap_inline67: 8.23334pt::0.0pt.
[1


]
latex2htmlSize :tex2html_wrap_inline69: 8.23334pt::0.0pt.
[2

]
latex2htmlSize :tex2html_wrap_inline73: 8.23334pt::0.0pt.
[3

]
latex2htmlSize :tex2html_wrap_inline75: 8.23334pt::0.0pt.
[4

]
latex2htmlSize :tex2html_wrap_inline79: 8.23334pt::0.0pt.
[5

]
latex2htmlSize :tex2html_wrap_inline81: 8.23334pt::0.0pt.
[6

]
File: geodesy.eps Graphic file (type eps)
<geodesy.eps> [7

]
File: coord.eps Graphic file (type eps)
<coord.eps> [8

] [9

] [10

] [11

] [12

] [13

] [14

] (images.aux)

LaTeX Warning: Label(s) may have changed. Rerun to get cross-references right.

 ) 
Here is how much of TeX's memory you used:
 666 strings out of 10890
 7049 string characters out of 71857
 51219 words of memory out of 262141
 3554 multiletter control sequences out of 9500
 8352 words of font info for 29 fonts, out of 150000 for 255
 15 hyphenation exceptions out of 607
 32i,8n,21p,198b,291s stack positions out of 300i,40n,60p,3000b,4000s

Output written on images.dvi (14 pages, 2284 bytes).
